Analysis & Synthesis report for hardware
Fri Apr 13 17:49:28 2018
Quartus II Version 9.1 Build 350 03/24/2010 Service Pack 2 SJ Web Edition


---------------------
; Table of Contents ;
---------------------
  1. Legal Notice
  2. Analysis & Synthesis Summary
  3. Analysis & Synthesis Settings
  4. Parallel Compilation
  5. Analysis & Synthesis Source Files Read
  6. Analysis & Synthesis Resource Usage Summary
  7. Analysis & Synthesis Resource Utilization by Entity
  8. Analysis & Synthesis RAM Summary
  9. Registers Removed During Synthesis
 10. Removed Registers Triggering Further Register Optimizations
 11. General Register Statistics
 12. Multiplexer Restructuring Statistics (Restructuring Performed)
 13. Source assignments for Memoria:Memory|LPM_RAM_DQ:MEM|altram:sram|altsyncram:ram_block|altsyncram_e1a1:auto_generated
 14. Source assignments for Memoria:Memory|LPM_RAM_DQ:MEM_plus_One|altram:sram|altsyncram:ram_block|altsyncram_e1a1:auto_generated
 15. Source assignments for Memoria:Memory|LPM_RAM_DQ:MEM_plus_Two|altram:sram|altsyncram:ram_block|altsyncram_e1a1:auto_generated
 16. Source assignments for Memoria:Memory|LPM_RAM_DQ:MEM_plus_Three|altram:sram|altsyncram:ram_block|altsyncram_e1a1:auto_generated
 17. Parameter Settings for User Entity Instance: Memoria:Memory|LPM_RAM_DQ:MEM
 18. Parameter Settings for User Entity Instance: Memoria:Memory|LPM_RAM_DQ:MEM_plus_One
 19. Parameter Settings for User Entity Instance: Memoria:Memory|LPM_RAM_DQ:MEM_plus_Two
 20. Parameter Settings for User Entity Instance: Memoria:Memory|LPM_RAM_DQ:MEM_plus_Three
 21. Port Connectivity Checks: "mux4entradas32bits:EntradaULA2Selection"
 22. Port Connectivity Checks: "controlador:ctrl"
 23. Port Connectivity Checks: "Ula32:ULA"
 24. Port Connectivity Checks: "AluControl:AluControl"
 25. Port Connectivity Checks: "Registrador:B"
 26. Port Connectivity Checks: "Registrador:A"
 27. Analysis & Synthesis Messages
 28. Analysis & Synthesis Suppressed Messages



----------------
; Legal Notice ;
----------------
Copyright (C) 1991-2010 Altera Corporation
Your use of Altera Corporation's design tools, logic functions 
and other software and tools, and its AMPP partner logic 
functions, and any output files from any of the foregoing 
(including device programming or simulation files), and any 
associated documentation or information are expressly subject 
to the terms and conditions of the Altera Program License 
Subscription Agreement, Altera MegaCore Function License 
Agreement, or other applicable license agreement, including, 
without limitation, that your use is for the sole purpose of 
programming logic devices manufactured by Altera and sold by 
Altera or its authorized distributors.  Please refer to the 
applicable agreement for further details.



+-----------------------------------------------------------------------------------+
; Analysis & Synthesis Summary                                                      ;
+------------------------------------+----------------------------------------------+
; Analysis & Synthesis Status        ; Successful - Fri Apr 13 17:49:28 2018        ;
; Quartus II Version                 ; 9.1 Build 350 03/24/2010 SP 2 SJ Web Edition ;
; Revision Name                      ; hardware                                     ;
; Top-level Entity Name              ; cpu                                          ;
; Family                             ; Cyclone II                                   ;
; Total logic elements               ; 333                                          ;
;     Total combinational functions  ; 237                                          ;
;     Dedicated logic registers      ; 132                                          ;
; Total registers                    ; 132                                          ;
; Total pins                         ; 507                                          ;
; Total virtual pins                 ; 0                                            ;
; Total memory bits                  ; 8,192                                        ;
; Embedded Multiplier 9-bit elements ; 0                                            ;
; Total PLLs                         ; 0                                            ;
+------------------------------------+----------------------------------------------+


+----------------------------------------------------------------------------------------------------------------------+
; Analysis & Synthesis Settings                                                                                        ;
+----------------------------------------------------------------------------+--------------------+--------------------+
; Option                                                                     ; Setting            ; Default Value      ;
+----------------------------------------------------------------------------+--------------------+--------------------+
; Device                                                                     ; EP2C70F896C7       ;                    ;
; Top-level entity name                                                      ; cpu                ; hardware           ;
; Family name                                                                ; Cyclone II         ; Stratix II         ;
; Use Generated Physical Constraints File                                    ; Off                ;                    ;
; Use smart compilation                                                      ; Off                ; Off                ;
; Enable parallel Assembler and TimeQuest Timing Analyzer during compilation ; On                 ; On                 ;
; Enable compact report table                                                ; Off                ; Off                ;
; Restructure Multiplexers                                                   ; Auto               ; Auto               ;
; Create Debugging Nodes for IP Cores                                        ; Off                ; Off                ;
; Preserve fewer node names                                                  ; On                 ; On                 ;
; Disable OpenCore Plus hardware evaluation                                  ; Off                ; Off                ;
; Verilog Version                                                            ; Verilog_2001       ; Verilog_2001       ;
; VHDL Version                                                               ; VHDL_1993          ; VHDL_1993          ;
; State Machine Processing                                                   ; Auto               ; Auto               ;
; Safe State Machine                                                         ; Off                ; Off                ;
; Extract Verilog State Machines                                             ; On                 ; On                 ;
; Extract VHDL State Machines                                                ; On                 ; On                 ;
; Ignore Verilog initial constructs                                          ; Off                ; Off                ;
; Iteration limit for constant Verilog loops                                 ; 5000               ; 5000               ;
; Iteration limit for non-constant Verilog loops                             ; 250                ; 250                ;
; Add Pass-Through Logic to Inferred RAMs                                    ; On                 ; On                 ;
; Parallel Synthesis                                                         ; On                 ; On                 ;
; DSP Block Balancing                                                        ; Auto               ; Auto               ;
; NOT Gate Push-Back                                                         ; On                 ; On                 ;
; Power-Up Don't Care                                                        ; On                 ; On                 ;
; Remove Redundant Logic Cells                                               ; Off                ; Off                ;
; Remove Duplicate Registers                                                 ; On                 ; On                 ;
; Ignore CARRY Buffers                                                       ; Off                ; Off                ;
; Ignore CASCADE Buffers                                                     ; Off                ; Off                ;
; Ignore GLOBAL Buffers                                                      ; Off                ; Off                ;
; Ignore ROW GLOBAL Buffers                                                  ; Off                ; Off                ;
; Ignore LCELL Buffers                                                       ; Off                ; Off                ;
; Ignore SOFT Buffers                                                        ; On                 ; On                 ;
; Limit AHDL Integers to 32 Bits                                             ; Off                ; Off                ;
; Optimization Technique                                                     ; Balanced           ; Balanced           ;
; Carry Chain Length                                                         ; 70                 ; 70                 ;
; Auto Carry Chains                                                          ; On                 ; On                 ;
; Auto Open-Drain Pins                                                       ; On                 ; On                 ;
; Perform WYSIWYG Primitive Resynthesis                                      ; Off                ; Off                ;
; Auto ROM Replacement                                                       ; On                 ; On                 ;
; Auto RAM Replacement                                                       ; On                 ; On                 ;
; Auto Shift Register Replacement                                            ; Auto               ; Auto               ;
; Auto Clock Enable Replacement                                              ; On                 ; On                 ;
; Strict RAM Replacement                                                     ; Off                ; Off                ;
; Allow Synchronous Control Signals                                          ; On                 ; On                 ;
; Force Use of Synchronous Clear Signals                                     ; Off                ; Off                ;
; Auto RAM to Logic Cell Conversion                                          ; Off                ; Off                ;
; Auto Resource Sharing                                                      ; Off                ; Off                ;
; Allow Any RAM Size For Recognition                                         ; Off                ; Off                ;
; Allow Any ROM Size For Recognition                                         ; Off                ; Off                ;
; Allow Any Shift Register Size For Recognition                              ; Off                ; Off                ;
; Use LogicLock Constraints during Resource Balancing                        ; On                 ; On                 ;
; Ignore translate_off and synthesis_off directives                          ; Off                ; Off                ;
; Timing-Driven Synthesis                                                    ; Off                ; Off                ;
; Show Parameter Settings Tables in Synthesis Report                         ; On                 ; On                 ;
; Ignore Maximum Fan-Out Assignments                                         ; Off                ; Off                ;
; Synchronization Register Chain Length                                      ; 2                  ; 2                  ;
; PowerPlay Power Optimization                                               ; Normal compilation ; Normal compilation ;
; HDL message level                                                          ; Level2             ; Level2             ;
; Suppress Register Optimization Related Messages                            ; Off                ; Off                ;
; Number of Removed Registers Reported in Synthesis Report                   ; 5000               ; 5000               ;
; Number of Inverted Registers Reported in Synthesis Report                  ; 100                ; 100                ;
; Clock MUX Protection                                                       ; On                 ; On                 ;
; Auto Gated Clock Conversion                                                ; Off                ; Off                ;
; Block Design Naming                                                        ; Auto               ; Auto               ;
; SDC constraint protection                                                  ; Off                ; Off                ;
; Synthesis Effort                                                           ; Auto               ; Auto               ;
; Shift Register Replacement - Allow Asynchronous Clear Signal               ; On                 ; On                 ;
; Analysis & Synthesis Message Level                                         ; Medium             ; Medium             ;
; Disable Register Merging Across Hierarchies                                ; Auto               ; Auto               ;
; Resource Aware Inference For Block RAM                                     ; On                 ; On                 ;
+----------------------------------------------------------------------------+--------------------+--------------------+


+------------------------------------------+
; Parallel Compilation                     ;
+----------------------------+-------------+
; Processors                 ; Number      ;
+----------------------------+-------------+
; Number detected on machine ; 4           ;
; Maximum allowed            ; 4           ;
;                            ;             ;
; Average used               ; 1.00        ;
; Maximum used               ; 1           ;
;                            ;             ;
; Usage by Processor         ; % Time Used ;
;     1 processor            ; 100.0%      ;
;     2-4 processors         ;   0.0%      ;
+----------------------------+-------------+


+-----------------------------------------------------------------------------------------------------------------------------------------------------------------------+
; Analysis & Synthesis Source Files Read                                                                                                                                ;
+----------------------------------+-----------------+----------------------------------+-------------------------------------------------------------------------------+
; File Name with User-Entered Path ; Used in Netlist ; File Type                        ; File Name with Absolute Path                                                  ;
+----------------------------------+-----------------+----------------------------------+-------------------------------------------------------------------------------+
; instrucoes.mif                   ; yes             ; User Memory Initialization File  ; C:/Users/sgfl/Desktop/HardwareProject_MIPS/projeto/instrucoes.mif             ;
; cpu.sv                           ; yes             ; User SystemVerilog HDL File      ; C:/Users/sgfl/Desktop/HardwareProject_MIPS/projeto/cpu.sv                     ;
; Banco_reg.vhd                    ; yes             ; User VHDL File                   ; C:/Users/sgfl/Desktop/HardwareProject_MIPS/projeto/Banco_reg.vhd              ;
; Instr_Reg.vhd                    ; yes             ; User VHDL File                   ; C:/Users/sgfl/Desktop/HardwareProject_MIPS/projeto/Instr_Reg.vhd              ;
; Memoria.vhd                      ; yes             ; User VHDL File                   ; C:/Users/sgfl/Desktop/HardwareProject_MIPS/projeto/Memoria.vhd                ;
; Registrador.vhd                  ; yes             ; User VHDL File                   ; C:/Users/sgfl/Desktop/HardwareProject_MIPS/projeto/Registrador.vhd            ;
; ula32.vhd                        ; yes             ; User VHDL File                   ; C:/Users/sgfl/Desktop/HardwareProject_MIPS/projeto/ula32.vhd                  ;
; controlador.sv                   ; yes             ; User SystemVerilog HDL File      ; C:/Users/sgfl/Desktop/HardwareProject_MIPS/projeto/controlador.sv             ;
; mux2entradas32bits.sv            ; yes             ; User SystemVerilog HDL File      ; C:/Users/sgfl/Desktop/HardwareProject_MIPS/projeto/mux2entradas32bits.sv      ;
; mux4entradas32bits.sv            ; yes             ; User SystemVerilog HDL File      ; C:/Users/sgfl/Desktop/HardwareProject_MIPS/projeto/mux4entradas32bits.sv      ;
; mux2entradas32bits_real.sv       ; yes             ; User SystemVerilog HDL File      ; C:/Users/sgfl/Desktop/HardwareProject_MIPS/projeto/mux2entradas32bits_real.sv ;
; AluControl.sv                    ; yes             ; User SystemVerilog HDL File      ; C:/Users/sgfl/Desktop/HardwareProject_MIPS/projeto/AluControl.sv              ;
; extensor16to32bits.sv            ; yes             ; User SystemVerilog HDL File      ; C:/Users/sgfl/Desktop/HardwareProject_MIPS/projeto/extensor16to32bits.sv      ;
; lpm_ram_dq.tdf                   ; yes             ; Megafunction                     ; c:/altera/91sp2/quartus/libraries/megafunctions/lpm_ram_dq.tdf                ;
; altram.tdf                       ; yes             ; Megafunction                     ; c:/altera/91sp2/quartus/libraries/megafunctions/altram.tdf                    ;
; altsyncram.tdf                   ; yes             ; Megafunction                     ; c:/altera/91sp2/quartus/libraries/megafunctions/altsyncram.tdf                ;
; db/altsyncram_e1a1.tdf           ; yes             ; Auto-Generated Megafunction      ; C:/Users/sgfl/Desktop/HardwareProject_MIPS/projeto/db/altsyncram_e1a1.tdf     ;
+----------------------------------+-----------------+----------------------------------+-------------------------------------------------------------------------------+


+-----------------------------------------------------+
; Analysis & Synthesis Resource Usage Summary         ;
+---------------------------------------------+-------+
; Resource                                    ; Usage ;
+---------------------------------------------+-------+
; Estimated Total logic elements              ; 333   ;
;                                             ;       ;
; Total combinational functions               ; 237   ;
; Logic element usage by number of LUT inputs ;       ;
;     -- 4 input functions                    ; 89    ;
;     -- 3 input functions                    ; 75    ;
;     -- <=2 input functions                  ; 73    ;
;                                             ;       ;
; Logic elements by mode                      ;       ;
;     -- normal mode                          ; 217   ;
;     -- arithmetic mode                      ; 20    ;
;                                             ;       ;
; Total registers                             ; 132   ;
;     -- Dedicated logic registers            ; 132   ;
;     -- I/O registers                        ; 0     ;
;                                             ;       ;
; I/O pins                                    ; 507   ;
; Total memory bits                           ; 8192  ;
; Maximum fan-out node                        ; clock ;
; Maximum fan-out                             ; 164   ;
; Total fan-out                               ; 1908  ;
; Average fan-out                             ; 2.10  ;
+---------------------------------------------+-------+


+--------------------------------------------------------------------------------------------------------------------------------------------------------------------------------------------------------------------------------------------------------------------------------------------------+
; Analysis & Synthesis Resource Utilization by Entity                                                                                                                                                                                                                                              ;
+-------------------------------------------------------+-------------------+--------------+-------------+--------------+---------+-----------+------+--------------+---------------------------------------------------------------------------------------------------------------+--------------+
; Compilation Hierarchy Node                            ; LC Combinationals ; LC Registers ; Memory Bits ; DSP Elements ; DSP 9x9 ; DSP 18x18 ; Pins ; Virtual Pins ; Full Hierarchy Name                                                                                           ; Library Name ;
+-------------------------------------------------------+-------------------+--------------+-------------+--------------+---------+-----------+------+--------------+---------------------------------------------------------------------------------------------------------------+--------------+
; |cpu                                                  ; 237 (1)           ; 132 (0)      ; 8192        ; 0            ; 0       ; 0         ; 507  ; 0            ; |cpu                                                                                                          ; work         ;
;    |Instr_Reg:inst_reg|                               ; 0 (0)             ; 32 (32)      ; 0           ; 0            ; 0       ; 0         ; 0    ; 0            ; |cpu|Instr_Reg:inst_reg                                                                                       ; work         ;
;    |Memoria:Memory|                                   ; 23 (23)           ; 0 (0)        ; 8192        ; 0            ; 0       ; 0         ; 0    ; 0            ; |cpu|Memoria:Memory                                                                                           ; work         ;
;       |lpm_ram_dq:MEM_plus_One|                       ; 0 (0)             ; 0 (0)        ; 2048        ; 0            ; 0       ; 0         ; 0    ; 0            ; |cpu|Memoria:Memory|lpm_ram_dq:MEM_plus_One                                                                   ; work         ;
;          |altram:sram|                                ; 0 (0)             ; 0 (0)        ; 2048        ; 0            ; 0       ; 0         ; 0    ; 0            ; |cpu|Memoria:Memory|lpm_ram_dq:MEM_plus_One|altram:sram                                                       ; work         ;
;             |altsyncram:ram_block|                    ; 0 (0)             ; 0 (0)        ; 2048        ; 0            ; 0       ; 0         ; 0    ; 0            ; |cpu|Memoria:Memory|lpm_ram_dq:MEM_plus_One|altram:sram|altsyncram:ram_block                                  ;              ;
;                |altsyncram_e1a1:auto_generated|       ; 0 (0)             ; 0 (0)        ; 2048        ; 0            ; 0       ; 0         ; 0    ; 0            ; |cpu|Memoria:Memory|lpm_ram_dq:MEM_plus_One|altram:sram|altsyncram:ram_block|altsyncram_e1a1:auto_generated   ;              ;
;       |lpm_ram_dq:MEM_plus_Three|                     ; 0 (0)             ; 0 (0)        ; 2048        ; 0            ; 0       ; 0         ; 0    ; 0            ; |cpu|Memoria:Memory|lpm_ram_dq:MEM_plus_Three                                                                 ;              ;
;          |altram:sram|                                ; 0 (0)             ; 0 (0)        ; 2048        ; 0            ; 0       ; 0         ; 0    ; 0            ; |cpu|Memoria:Memory|lpm_ram_dq:MEM_plus_Three|altram:sram                                                     ;              ;
;             |altsyncram:ram_block|                    ; 0 (0)             ; 0 (0)        ; 2048        ; 0            ; 0       ; 0         ; 0    ; 0            ; |cpu|Memoria:Memory|lpm_ram_dq:MEM_plus_Three|altram:sram|altsyncram:ram_block                                ; work         ;
;                |altsyncram_e1a1:auto_generated|       ; 0 (0)             ; 0 (0)        ; 2048        ; 0            ; 0       ; 0         ; 0    ; 0            ; |cpu|Memoria:Memory|lpm_ram_dq:MEM_plus_Three|altram:sram|altsyncram:ram_block|altsyncram_e1a1:auto_generated ; work         ;
;       |lpm_ram_dq:MEM_plus_Two|                       ; 0 (0)             ; 0 (0)        ; 2048        ; 0            ; 0       ; 0         ; 0    ; 0            ; |cpu|Memoria:Memory|lpm_ram_dq:MEM_plus_Two                                                                   ;              ;
;          |altram:sram|                                ; 0 (0)             ; 0 (0)        ; 2048        ; 0            ; 0       ; 0         ; 0    ; 0            ; |cpu|Memoria:Memory|lpm_ram_dq:MEM_plus_Two|altram:sram                                                       ;              ;
;             |altsyncram:ram_block|                    ; 0 (0)             ; 0 (0)        ; 2048        ; 0            ; 0       ; 0         ; 0    ; 0            ; |cpu|Memoria:Memory|lpm_ram_dq:MEM_plus_Two|altram:sram|altsyncram:ram_block                                  ;              ;
;                |altsyncram_e1a1:auto_generated|       ; 0 (0)             ; 0 (0)        ; 2048        ; 0            ; 0       ; 0         ; 0    ; 0            ; |cpu|Memoria:Memory|lpm_ram_dq:MEM_plus_Two|altram:sram|altsyncram:ram_block|altsyncram_e1a1:auto_generated   ;              ;
;       |lpm_ram_dq:MEM|                                ; 0 (0)             ; 0 (0)        ; 2048        ; 0            ; 0       ; 0         ; 0    ; 0            ; |cpu|Memoria:Memory|lpm_ram_dq:MEM                                                                            ; work         ;
;          |altram:sram|                                ; 0 (0)             ; 0 (0)        ; 2048        ; 0            ; 0       ; 0         ; 0    ; 0            ; |cpu|Memoria:Memory|lpm_ram_dq:MEM|altram:sram                                                                ; work         ;
;             |altsyncram:ram_block|                    ; 0 (0)             ; 0 (0)        ; 2048        ; 0            ; 0       ; 0         ; 0    ; 0            ; |cpu|Memoria:Memory|lpm_ram_dq:MEM|altram:sram|altsyncram:ram_block                                           ; work         ;
;                |altsyncram_e1a1:auto_generated|       ; 0 (0)             ; 0 (0)        ; 2048        ; 0            ; 0       ; 0         ; 0    ; 0            ; |cpu|Memoria:Memory|lpm_ram_dq:MEM|altram:sram|altsyncram:ram_block|altsyncram_e1a1:auto_generated            ; work         ;
;    |Registrador:MDR|                                  ; 0 (0)             ; 32 (32)      ; 0           ; 0            ; 0       ; 0         ; 0    ; 0            ; |cpu|Registrador:MDR                                                                                          ;              ;
;    |Registrador:PCreg|                                ; 0 (0)             ; 32 (32)      ; 0           ; 0            ; 0       ; 0         ; 0    ; 0            ; |cpu|Registrador:PCreg                                                                                        ;              ;
;    |Registrador:ULASaida|                             ; 0 (0)             ; 32 (32)      ; 0           ; 0            ; 0       ; 0         ; 0    ; 0            ; |cpu|Registrador:ULASaida                                                                                     ; work         ;
;    |Ula32:ULA|                                        ; 75 (75)           ; 0 (0)        ; 0           ; 0            ; 0       ; 0         ; 0    ; 0            ; |cpu|Ula32:ULA                                                                                                ; work         ;
;    |controlador:ctrl|                                 ; 26 (26)           ; 4 (4)        ; 0           ; 0            ; 0       ; 0         ; 0    ; 0            ; |cpu|controlador:ctrl                                                                                         ; work         ;
;    |mux2entradas32bits_real:DadoASerEscritoSelection| ; 32 (32)           ; 0 (0)        ; 0           ; 0            ; 0       ; 0         ; 0    ; 0            ; |cpu|mux2entradas32bits_real:DadoASerEscritoSelection                                                         ; work         ;
;    |mux2entradas32bits_real:EntradaULA1Selection|     ; 32 (32)           ; 0 (0)        ; 0           ; 0            ; 0       ; 0         ; 0    ; 0            ; |cpu|mux2entradas32bits_real:EntradaULA1Selection                                                             ; work         ;
;    |mux2entradas32bits_real:IouDMux|                  ; 32 (32)           ; 0 (0)        ; 0           ; 0            ; 0       ; 0         ; 0    ; 0            ; |cpu|mux2entradas32bits_real:IouDMux                                                                          ; work         ;
;    |mux4entradas32bits:EntradaULA2Selection|          ; 16 (16)           ; 0 (0)        ; 0           ; 0            ; 0       ; 0         ; 0    ; 0            ; |cpu|mux4entradas32bits:EntradaULA2Selection                                                                  ; work         ;
+-------------------------------------------------------+-------------------+--------------+-------------+--------------+---------+-----------+------+--------------+---------------------------------------------------------------------------------------------------------------+--------------+
Note: For table entries with two numbers listed, the numbers in parentheses indicate the number of resources of the given type used by the specific entity alone. The numbers listed outside of parentheses indicate the total resources of the given type used by the specific entity and all of its sub-entities in the hierarchy.


+------------------------------------------------------------------------------------------------------------------------------------------------------------------------------------------------------------------------------+
; Analysis & Synthesis RAM Summary                                                                                                                                                                                             ;
+---------------------------------------------------------------------------------------------------------------------+------+-------------+--------------+--------------+--------------+--------------+------+----------------+
; Name                                                                                                                ; Type ; Mode        ; Port A Depth ; Port A Width ; Port B Depth ; Port B Width ; Size ; MIF            ;
+---------------------------------------------------------------------------------------------------------------------+------+-------------+--------------+--------------+--------------+--------------+------+----------------+
; Memoria:Memory|lpm_ram_dq:MEM_plus_One|altram:sram|altsyncram:ram_block|altsyncram_e1a1:auto_generated|ALTSYNCRAM   ; AUTO ; Single Port ; 256          ; 8            ; --           ; --           ; 2048 ; instrucoes.mif ;
; Memoria:Memory|lpm_ram_dq:MEM_plus_Three|altram:sram|altsyncram:ram_block|altsyncram_e1a1:auto_generated|ALTSYNCRAM ; AUTO ; Single Port ; 256          ; 8            ; --           ; --           ; 2048 ; instrucoes.mif ;
; Memoria:Memory|lpm_ram_dq:MEM_plus_Two|altram:sram|altsyncram:ram_block|altsyncram_e1a1:auto_generated|ALTSYNCRAM   ; AUTO ; Single Port ; 256          ; 8            ; --           ; --           ; 2048 ; instrucoes.mif ;
; Memoria:Memory|lpm_ram_dq:MEM|altram:sram|altsyncram:ram_block|altsyncram_e1a1:auto_generated|ALTSYNCRAM            ; AUTO ; Single Port ; 256          ; 8            ; --           ; --           ; 2048 ; instrucoes.mif ;
+---------------------------------------------------------------------------------------------------------------------+------+-------------+--------------+--------------+--------------+--------------+------+----------------+


+-------------------------------------------------------------------------------------------+
; Registers Removed During Synthesis                                                        ;
+---------------------------------------------+---------------------------------------------+
; Register name                               ; Reason for Removal                          ;
+---------------------------------------------+---------------------------------------------+
; Banco_reg:BancoDeRegistradores|Reg0[0..31]  ; Stuck at GND due to stuck port clock_enable ;
; Banco_reg:BancoDeRegistradores|Reg1[0..31]  ; Stuck at GND due to stuck port clock_enable ;
; Banco_reg:BancoDeRegistradores|Reg2[0..31]  ; Stuck at GND due to stuck port clock_enable ;
; Banco_reg:BancoDeRegistradores|Reg3[0..31]  ; Stuck at GND due to stuck port clock_enable ;
; Banco_reg:BancoDeRegistradores|Reg4[0..31]  ; Stuck at GND due to stuck port clock_enable ;
; Banco_reg:BancoDeRegistradores|Reg5[0..31]  ; Stuck at GND due to stuck port clock_enable ;
; Banco_reg:BancoDeRegistradores|Reg6[0..31]  ; Stuck at GND due to stuck port clock_enable ;
; Banco_reg:BancoDeRegistradores|Reg7[0..31]  ; Stuck at GND due to stuck port clock_enable ;
; Banco_reg:BancoDeRegistradores|Reg8[0..31]  ; Stuck at GND due to stuck port clock_enable ;
; Banco_reg:BancoDeRegistradores|Reg9[0..31]  ; Stuck at GND due to stuck port clock_enable ;
; Banco_reg:BancoDeRegistradores|Reg10[0..31] ; Stuck at GND due to stuck port clock_enable ;
; Banco_reg:BancoDeRegistradores|Reg11[0..31] ; Stuck at GND due to stuck port clock_enable ;
; Banco_reg:BancoDeRegistradores|Reg12[0..31] ; Stuck at GND due to stuck port clock_enable ;
; Banco_reg:BancoDeRegistradores|Reg13[0..31] ; Stuck at GND due to stuck port clock_enable ;
; Banco_reg:BancoDeRegistradores|Reg14[0..31] ; Stuck at GND due to stuck port clock_enable ;
; Banco_reg:BancoDeRegistradores|Reg15[0..31] ; Stuck at GND due to stuck port clock_enable ;
; Banco_reg:BancoDeRegistradores|Reg16[0..31] ; Stuck at GND due to stuck port clock_enable ;
; Banco_reg:BancoDeRegistradores|Reg17[0..31] ; Stuck at GND due to stuck port clock_enable ;
; Banco_reg:BancoDeRegistradores|Reg18[0..31] ; Stuck at GND due to stuck port clock_enable ;
; Banco_reg:BancoDeRegistradores|Reg19[0..31] ; Stuck at GND due to stuck port clock_enable ;
; Banco_reg:BancoDeRegistradores|Reg20[0..31] ; Stuck at GND due to stuck port clock_enable ;
; Banco_reg:BancoDeRegistradores|Reg21[0..31] ; Stuck at GND due to stuck port clock_enable ;
; Banco_reg:BancoDeRegistradores|Reg22[0..31] ; Stuck at GND due to stuck port clock_enable ;
; Banco_reg:BancoDeRegistradores|Reg23[0..31] ; Stuck at GND due to stuck port clock_enable ;
; Banco_reg:BancoDeRegistradores|Reg24[0..31] ; Stuck at GND due to stuck port clock_enable ;
; Banco_reg:BancoDeRegistradores|Reg25[0..31] ; Stuck at GND due to stuck port clock_enable ;
; Banco_reg:BancoDeRegistradores|Reg26[0..31] ; Stuck at GND due to stuck port clock_enable ;
; Banco_reg:BancoDeRegistradores|Reg27[0..31] ; Stuck at GND due to stuck port clock_enable ;
; Banco_reg:BancoDeRegistradores|Reg28[0..31] ; Stuck at GND due to stuck port clock_enable ;
; Banco_reg:BancoDeRegistradores|Reg29[0..31] ; Stuck at GND due to stuck port clock_enable ;
; Banco_reg:BancoDeRegistradores|Reg30[0..31] ; Stuck at GND due to stuck port clock_enable ;
; Banco_reg:BancoDeRegistradores|Reg31[0..31] ; Stuck at GND due to stuck port clock_enable ;
; Registrador:B|Saida[0..31]                  ; Stuck at GND due to stuck port data_in      ;
; Registrador:A|Saida[0..31]                  ; Stuck at GND due to stuck port data_in      ;
; Total Number of Removed Registers = 1088    ;                                             ;
+---------------------------------------------+---------------------------------------------+


+-----------------------------------------------------------------------------------------------------------------------------+
; Removed Registers Triggering Further Register Optimizations                                                                 ;
+-----------------------------------------+--------------------------------+--------------------------------------------------+
; Register name                           ; Reason for Removal             ; Registers Removed due to This Register           ;
+-----------------------------------------+--------------------------------+--------------------------------------------------+
; Banco_reg:BancoDeRegistradores|Reg0[31] ; Stuck at GND                   ; Registrador:B|Saida[31], Registrador:A|Saida[31] ;
;                                         ; due to stuck port clock_enable ;                                                  ;
; Banco_reg:BancoDeRegistradores|Reg0[30] ; Stuck at GND                   ; Registrador:B|Saida[30], Registrador:A|Saida[30] ;
;                                         ; due to stuck port clock_enable ;                                                  ;
; Banco_reg:BancoDeRegistradores|Reg0[29] ; Stuck at GND                   ; Registrador:B|Saida[29], Registrador:A|Saida[29] ;
;                                         ; due to stuck port clock_enable ;                                                  ;
; Banco_reg:BancoDeRegistradores|Reg0[28] ; Stuck at GND                   ; Registrador:B|Saida[28], Registrador:A|Saida[28] ;
;                                         ; due to stuck port clock_enable ;                                                  ;
; Banco_reg:BancoDeRegistradores|Reg0[27] ; Stuck at GND                   ; Registrador:B|Saida[27], Registrador:A|Saida[27] ;
;                                         ; due to stuck port clock_enable ;                                                  ;
; Banco_reg:BancoDeRegistradores|Reg0[26] ; Stuck at GND                   ; Registrador:B|Saida[26], Registrador:A|Saida[26] ;
;                                         ; due to stuck port clock_enable ;                                                  ;
; Banco_reg:BancoDeRegistradores|Reg0[25] ; Stuck at GND                   ; Registrador:B|Saida[25], Registrador:A|Saida[25] ;
;                                         ; due to stuck port clock_enable ;                                                  ;
; Banco_reg:BancoDeRegistradores|Reg0[24] ; Stuck at GND                   ; Registrador:B|Saida[24], Registrador:A|Saida[24] ;
;                                         ; due to stuck port clock_enable ;                                                  ;
; Banco_reg:BancoDeRegistradores|Reg0[23] ; Stuck at GND                   ; Registrador:B|Saida[23], Registrador:A|Saida[23] ;
;                                         ; due to stuck port clock_enable ;                                                  ;
; Banco_reg:BancoDeRegistradores|Reg0[22] ; Stuck at GND                   ; Registrador:B|Saida[22], Registrador:A|Saida[22] ;
;                                         ; due to stuck port clock_enable ;                                                  ;
; Banco_reg:BancoDeRegistradores|Reg0[21] ; Stuck at GND                   ; Registrador:B|Saida[21], Registrador:A|Saida[21] ;
;                                         ; due to stuck port clock_enable ;                                                  ;
; Banco_reg:BancoDeRegistradores|Reg0[20] ; Stuck at GND                   ; Registrador:B|Saida[20], Registrador:A|Saida[20] ;
;                                         ; due to stuck port clock_enable ;                                                  ;
; Banco_reg:BancoDeRegistradores|Reg0[19] ; Stuck at GND                   ; Registrador:B|Saida[19], Registrador:A|Saida[19] ;
;                                         ; due to stuck port clock_enable ;                                                  ;
; Banco_reg:BancoDeRegistradores|Reg0[18] ; Stuck at GND                   ; Registrador:B|Saida[18], Registrador:A|Saida[18] ;
;                                         ; due to stuck port clock_enable ;                                                  ;
; Banco_reg:BancoDeRegistradores|Reg0[17] ; Stuck at GND                   ; Registrador:B|Saida[17], Registrador:A|Saida[17] ;
;                                         ; due to stuck port clock_enable ;                                                  ;
; Banco_reg:BancoDeRegistradores|Reg0[16] ; Stuck at GND                   ; Registrador:B|Saida[16], Registrador:A|Saida[16] ;
;                                         ; due to stuck port clock_enable ;                                                  ;
; Banco_reg:BancoDeRegistradores|Reg0[15] ; Stuck at GND                   ; Registrador:B|Saida[15], Registrador:A|Saida[15] ;
;                                         ; due to stuck port clock_enable ;                                                  ;
; Banco_reg:BancoDeRegistradores|Reg0[14] ; Stuck at GND                   ; Registrador:B|Saida[14], Registrador:A|Saida[14] ;
;                                         ; due to stuck port clock_enable ;                                                  ;
; Banco_reg:BancoDeRegistradores|Reg0[13] ; Stuck at GND                   ; Registrador:B|Saida[13], Registrador:A|Saida[13] ;
;                                         ; due to stuck port clock_enable ;                                                  ;
; Banco_reg:BancoDeRegistradores|Reg0[12] ; Stuck at GND                   ; Registrador:B|Saida[12], Registrador:A|Saida[12] ;
;                                         ; due to stuck port clock_enable ;                                                  ;
; Banco_reg:BancoDeRegistradores|Reg0[11] ; Stuck at GND                   ; Registrador:B|Saida[11], Registrador:A|Saida[11] ;
;                                         ; due to stuck port clock_enable ;                                                  ;
; Banco_reg:BancoDeRegistradores|Reg0[10] ; Stuck at GND                   ; Registrador:B|Saida[10], Registrador:A|Saida[10] ;
;                                         ; due to stuck port clock_enable ;                                                  ;
; Banco_reg:BancoDeRegistradores|Reg0[9]  ; Stuck at GND                   ; Registrador:B|Saida[9], Registrador:A|Saida[9]   ;
;                                         ; due to stuck port clock_enable ;                                                  ;
; Banco_reg:BancoDeRegistradores|Reg0[8]  ; Stuck at GND                   ; Registrador:B|Saida[8], Registrador:A|Saida[8]   ;
;                                         ; due to stuck port clock_enable ;                                                  ;
; Banco_reg:BancoDeRegistradores|Reg0[7]  ; Stuck at GND                   ; Registrador:B|Saida[7], Registrador:A|Saida[7]   ;
;                                         ; due to stuck port clock_enable ;                                                  ;
; Banco_reg:BancoDeRegistradores|Reg0[6]  ; Stuck at GND                   ; Registrador:B|Saida[6], Registrador:A|Saida[6]   ;
;                                         ; due to stuck port clock_enable ;                                                  ;
; Banco_reg:BancoDeRegistradores|Reg0[5]  ; Stuck at GND                   ; Registrador:B|Saida[5], Registrador:A|Saida[5]   ;
;                                         ; due to stuck port clock_enable ;                                                  ;
; Banco_reg:BancoDeRegistradores|Reg0[4]  ; Stuck at GND                   ; Registrador:B|Saida[4], Registrador:A|Saida[4]   ;
;                                         ; due to stuck port clock_enable ;                                                  ;
; Banco_reg:BancoDeRegistradores|Reg0[3]  ; Stuck at GND                   ; Registrador:B|Saida[3], Registrador:A|Saida[3]   ;
;                                         ; due to stuck port clock_enable ;                                                  ;
; Banco_reg:BancoDeRegistradores|Reg0[2]  ; Stuck at GND                   ; Registrador:B|Saida[2], Registrador:A|Saida[2]   ;
;                                         ; due to stuck port clock_enable ;                                                  ;
; Banco_reg:BancoDeRegistradores|Reg0[1]  ; Stuck at GND                   ; Registrador:B|Saida[1], Registrador:A|Saida[1]   ;
;                                         ; due to stuck port clock_enable ;                                                  ;
; Banco_reg:BancoDeRegistradores|Reg0[0]  ; Stuck at GND                   ; Registrador:B|Saida[0], Registrador:A|Saida[0]   ;
;                                         ; due to stuck port clock_enable ;                                                  ;
+-----------------------------------------+--------------------------------+--------------------------------------------------+


+------------------------------------------------------+
; General Register Statistics                          ;
+----------------------------------------------+-------+
; Statistic                                    ; Value ;
+----------------------------------------------+-------+
; Total registers                              ; 132   ;
; Number of registers using Synchronous Clear  ; 2     ;
; Number of registers using Synchronous Load   ; 0     ;
; Number of registers using Asynchronous Clear ; 128   ;
; Number of registers using Asynchronous Load  ; 0     ;
; Number of registers using Clock Enable       ; 128   ;
; Number of registers using Preset             ; 0     ;
+----------------------------------------------+-------+


+------------------------------------------------------------------------------------------------------------------------------------------------------------------+
; Multiplexer Restructuring Statistics (Restructuring Performed)                                                                                                   ;
+--------------------+-----------+---------------+----------------------+------------------------+------------+----------------------------------------------------+
; Multiplexer Inputs ; Bus Width ; Baseline Area ; Area if Restructured ; Saving if Restructured ; Registered ; Example Multiplexer Output                         ;
+--------------------+-----------+---------------+----------------------+------------------------+------------+----------------------------------------------------+
; 17:1               ; 2 bits    ; 22 LEs        ; 12 LEs               ; 10 LEs                 ; Yes        ; |cpu|controlador:ctrl|state[2]                     ;
; 4:1                ; 3 bits    ; 6 LEs         ; 6 LEs                ; 0 LEs                  ; No         ; |cpu|mux4entradas32bits:EntradaULA2Selection|Mux28 ;
+--------------------+-----------+---------------+----------------------+------------------------+------------+----------------------------------------------------+


+----------------------------------------------------------------------------------------------------------------------+
; Source assignments for Memoria:Memory|LPM_RAM_DQ:MEM|altram:sram|altsyncram:ram_block|altsyncram_e1a1:auto_generated ;
+---------------------------------+--------------------+------+--------------------------------------------------------+
; Assignment                      ; Value              ; From ; To                                                     ;
+---------------------------------+--------------------+------+--------------------------------------------------------+
; OPTIMIZE_POWER_DURING_SYNTHESIS ; NORMAL_COMPILATION ; -    ; -                                                      ;
+---------------------------------+--------------------+------+--------------------------------------------------------+


+-------------------------------------------------------------------------------------------------------------------------------+
; Source assignments for Memoria:Memory|LPM_RAM_DQ:MEM_plus_One|altram:sram|altsyncram:ram_block|altsyncram_e1a1:auto_generated ;
+---------------------------------+--------------------+------+-----------------------------------------------------------------+
; Assignment                      ; Value              ; From ; To                                                              ;
+---------------------------------+--------------------+------+-----------------------------------------------------------------+
; OPTIMIZE_POWER_DURING_SYNTHESIS ; NORMAL_COMPILATION ; -    ; -                                                               ;
+---------------------------------+--------------------+------+-----------------------------------------------------------------+


+-------------------------------------------------------------------------------------------------------------------------------+
; Source assignments for Memoria:Memory|LPM_RAM_DQ:MEM_plus_Two|altram:sram|altsyncram:ram_block|altsyncram_e1a1:auto_generated ;
+---------------------------------+--------------------+------+-----------------------------------------------------------------+
; Assignment                      ; Value              ; From ; To                                                              ;
+---------------------------------+--------------------+------+-----------------------------------------------------------------+
; OPTIMIZE_POWER_DURING_SYNTHESIS ; NORMAL_COMPILATION ; -    ; -                                                               ;
+---------------------------------+--------------------+------+-----------------------------------------------------------------+


+---------------------------------------------------------------------------------------------------------------------------------+
; Source assignments for Memoria:Memory|LPM_RAM_DQ:MEM_plus_Three|altram:sram|altsyncram:ram_block|altsyncram_e1a1:auto_generated ;
+---------------------------------+--------------------+------+-------------------------------------------------------------------+
; Assignment                      ; Value              ; From ; To                                                                ;
+---------------------------------+--------------------+------+-------------------------------------------------------------------+
; OPTIMIZE_POWER_DURING_SYNTHESIS ; NORMAL_COMPILATION ; -    ; -                                                                 ;
+---------------------------------+--------------------+------+-------------------------------------------------------------------+


+----------------------------------------------------------------------------+
; Parameter Settings for User Entity Instance: Memoria:Memory|LPM_RAM_DQ:MEM ;
+------------------------+----------------+----------------------------------+
; Parameter Name         ; Value          ; Type                             ;
+------------------------+----------------+----------------------------------+
; LPM_WIDTH              ; 8              ; Signed Integer                   ;
; LPM_WIDTHAD            ; 8              ; Signed Integer                   ;
; LPM_NUMWORDS           ; 0              ; Signed Integer                   ;
; LPM_INDATA             ; REGISTERED     ; Untyped                          ;
; LPM_ADDRESS_CONTROL    ; REGISTERED     ; Untyped                          ;
; LPM_OUTDATA            ; REGISTERED     ; Untyped                          ;
; LPM_FILE               ; instrucoes.mif ; Untyped                          ;
; USE_EAB                ; ON             ; Untyped                          ;
; DEVICE_FAMILY          ; Cyclone II     ; Untyped                          ;
; CBXI_PARAMETER         ; NOTHING        ; Untyped                          ;
; AUTO_CARRY_CHAINS      ; ON             ; AUTO_CARRY                       ;
; IGNORE_CARRY_BUFFERS   ; OFF            ; IGNORE_CARRY                     ;
; AUTO_CASCADE_CHAINS    ; ON             ; AUTO_CASCADE                     ;
; IGNORE_CASCADE_BUFFERS ; OFF            ; IGNORE_CASCADE                   ;
+------------------------+----------------+----------------------------------+
Note: In order to hide this table in the UI and the text report file, please set the "Show Parameter Settings Tables in Synthesis Report" option in "Analysis and Synthesis Settings -> More Settings" to "Off".


+-------------------------------------------------------------------------------------+
; Parameter Settings for User Entity Instance: Memoria:Memory|LPM_RAM_DQ:MEM_plus_One ;
+------------------------+----------------+-------------------------------------------+
; Parameter Name         ; Value          ; Type                                      ;
+------------------------+----------------+-------------------------------------------+
; LPM_WIDTH              ; 8              ; Signed Integer                            ;
; LPM_WIDTHAD            ; 8              ; Signed Integer                            ;
; LPM_NUMWORDS           ; 0              ; Signed Integer                            ;
; LPM_INDATA             ; REGISTERED     ; Untyped                                   ;
; LPM_ADDRESS_CONTROL    ; REGISTERED     ; Untyped                                   ;
; LPM_OUTDATA            ; REGISTERED     ; Untyped                                   ;
; LPM_FILE               ; instrucoes.mif ; Untyped                                   ;
; USE_EAB                ; ON             ; Untyped                                   ;
; DEVICE_FAMILY          ; Cyclone II     ; Untyped                                   ;
; CBXI_PARAMETER         ; NOTHING        ; Untyped                                   ;
; AUTO_CARRY_CHAINS      ; ON             ; AUTO_CARRY                                ;
; IGNORE_CARRY_BUFFERS   ; OFF            ; IGNORE_CARRY                              ;
; AUTO_CASCADE_CHAINS    ; ON             ; AUTO_CASCADE                              ;
; IGNORE_CASCADE_BUFFERS ; OFF            ; IGNORE_CASCADE                            ;
+------------------------+----------------+-------------------------------------------+
Note: In order to hide this table in the UI and the text report file, please set the "Show Parameter Settings Tables in Synthesis Report" option in "Analysis and Synthesis Settings -> More Settings" to "Off".


+-------------------------------------------------------------------------------------+
; Parameter Settings for User Entity Instance: Memoria:Memory|LPM_RAM_DQ:MEM_plus_Two ;
+------------------------+----------------+-------------------------------------------+
; Parameter Name         ; Value          ; Type                                      ;
+------------------------+----------------+-------------------------------------------+
; LPM_WIDTH              ; 8              ; Signed Integer                            ;
; LPM_WIDTHAD            ; 8              ; Signed Integer                            ;
; LPM_NUMWORDS           ; 0              ; Signed Integer                            ;
; LPM_INDATA             ; REGISTERED     ; Untyped                                   ;
; LPM_ADDRESS_CONTROL    ; REGISTERED     ; Untyped                                   ;
; LPM_OUTDATA            ; REGISTERED     ; Untyped                                   ;
; LPM_FILE               ; instrucoes.mif ; Untyped                                   ;
; USE_EAB                ; ON             ; Untyped                                   ;
; DEVICE_FAMILY          ; Cyclone II     ; Untyped                                   ;
; CBXI_PARAMETER         ; NOTHING        ; Untyped                                   ;
; AUTO_CARRY_CHAINS      ; ON             ; AUTO_CARRY                                ;
; IGNORE_CARRY_BUFFERS   ; OFF            ; IGNORE_CARRY                              ;
; AUTO_CASCADE_CHAINS    ; ON             ; AUTO_CASCADE                              ;
; IGNORE_CASCADE_BUFFERS ; OFF            ; IGNORE_CASCADE                            ;
+------------------------+----------------+-------------------------------------------+
Note: In order to hide this table in the UI and the text report file, please set the "Show Parameter Settings Tables in Synthesis Report" option in "Analysis and Synthesis Settings -> More Settings" to "Off".


+---------------------------------------------------------------------------------------+
; Parameter Settings for User Entity Instance: Memoria:Memory|LPM_RAM_DQ:MEM_plus_Three ;
+------------------------+----------------+---------------------------------------------+
; Parameter Name         ; Value          ; Type                                        ;
+------------------------+----------------+---------------------------------------------+
; LPM_WIDTH              ; 8              ; Signed Integer                              ;
; LPM_WIDTHAD            ; 8              ; Signed Integer                              ;
; LPM_NUMWORDS           ; 0              ; Signed Integer                              ;
; LPM_INDATA             ; REGISTERED     ; Untyped                                     ;
; LPM_ADDRESS_CONTROL    ; REGISTERED     ; Untyped                                     ;
; LPM_OUTDATA            ; REGISTERED     ; Untyped                                     ;
; LPM_FILE               ; instrucoes.mif ; Untyped                                     ;
; USE_EAB                ; ON             ; Untyped                                     ;
; DEVICE_FAMILY          ; Cyclone II     ; Untyped                                     ;
; CBXI_PARAMETER         ; NOTHING        ; Untyped                                     ;
; AUTO_CARRY_CHAINS      ; ON             ; AUTO_CARRY                                  ;
; IGNORE_CARRY_BUFFERS   ; OFF            ; IGNORE_CARRY                                ;
; AUTO_CASCADE_CHAINS    ; ON             ; AUTO_CASCADE                                ;
; IGNORE_CASCADE_BUFFERS ; OFF            ; IGNORE_CASCADE                              ;
+------------------------+----------------+---------------------------------------------+
Note: In order to hide this table in the UI and the text report file, please set the "Show Parameter Settings Tables in Synthesis Report" option in "Analysis and Synthesis Settings -> More Settings" to "Off".


+---------------------------------------------------------------------+
; Port Connectivity Checks: "mux4entradas32bits:EntradaULA2Selection" ;
+-----------------+-------+----------+--------------------------------+
; Port            ; Type  ; Severity ; Details                        ;
+-----------------+-------+----------+--------------------------------+
; entrada1[31..3] ; Input ; Info     ; Stuck at GND                   ;
; entrada1[1..0]  ; Input ; Info     ; Stuck at GND                   ;
; entrada1[2]     ; Input ; Info     ; Stuck at VCC                   ;
; entrada3[31..4] ; Input ; Info     ; Stuck at GND                   ;
; entrada3[2..1]  ; Input ; Info     ; Stuck at GND                   ;
; entrada3[3]     ; Input ; Info     ; Stuck at VCC                   ;
; entrada3[0]     ; Input ; Info     ; Stuck at VCC                   ;
+-----------------+-------+----------+--------------------------------+


+---------------------------------------------------------------------------------------------------------------------------------------------------------------------------------+
; Port Connectivity Checks: "controlador:ctrl"                                                                                                                                    ;
+--------------+--------+----------+----------------------------------------------------------------------------------------------------------------------------------------------+
; Port         ; Type   ; Severity ; Details                                                                                                                                      ;
+--------------+--------+----------+----------------------------------------------------------------------------------------------------------------------------------------------+
; RegACtrl     ; Output ; Warning  ; Output or bidir port (2 bits) is wider than the port expression (1 bits) it drives; bit(s) "RegACtrl[1..1]" have no fanouts                  ;
; RegBCtrl     ; Output ; Warning  ; Output or bidir port (2 bits) is wider than the port expression (1 bits) it drives; bit(s) "RegBCtrl[1..1]" have no fanouts                  ;
; ULASaidaCtrl ; Output ; Warning  ; Output or bidir port (2 bits) is wider than the port expression (1 bits) it drives; bit(s) "ULASaidaCtrl[1..1]" have no fanouts              ;
; MDRCtrl      ; Output ; Warning  ; Output or bidir port (2 bits) is wider than the port expression (1 bits) it drives; bit(s) "MDRCtrl[1..1]" have no fanouts                   ;
; InstrArit    ; Input  ; Warning  ; Declared by entity but not connected by instance. If a default value exists, it will be used.  Otherwise, the port will be connected to GND. ;
+--------------+--------+----------+----------------------------------------------------------------------------------------------------------------------------------------------+


+----------------------------------------------------------------------------------------------------------------------------+
; Port Connectivity Checks: "Ula32:ULA"                                                                                      ;
+----------+--------+------------------+-------------------------------------------------------------------------------------+
; Port     ; Type   ; Severity         ; Details                                                                             ;
+----------+--------+------------------+-------------------------------------------------------------------------------------+
; seletor  ; Input  ; Critical Warning ; Types are incompatible                                                              ;
; overflow ; Output ; Info             ; Connected to dangling logic. Logic that only feeds a dangling port will be removed. ;
; negativo ; Output ; Info             ; Connected to dangling logic. Logic that only feeds a dangling port will be removed. ;
; z        ; Output ; Info             ; Connected to dangling logic. Logic that only feeds a dangling port will be removed. ;
; igual    ; Output ; Info             ; Connected to dangling logic. Logic that only feeds a dangling port will be removed. ;
; maior    ; Output ; Info             ; Connected to dangling logic. Logic that only feeds a dangling port will be removed. ;
; menor    ; Output ; Info             ; Connected to dangling logic. Logic that only feeds a dangling port will be removed. ;
+----------+--------+------------------+-------------------------------------------------------------------------------------+


+----------------------------------------------------------------------------------------------------------------------------------------------------------------------+
; Port Connectivity Checks: "AluControl:AluControl"                                                                                                                    ;
+---------------+--------+----------+----------------------------------------------------------------------------------------------------------------------------------+
; Port          ; Type   ; Severity ; Details                                                                                                                          ;
+---------------+--------+----------+----------------------------------------------------------------------------------------------------------------------------------+
; ULAOpSelector ; Output ; Warning  ; Output or bidir port (3 bits) is wider than the port expression (1 bits) it drives; bit(s) "ULAOpSelector[2..1]" have no fanouts ;
+---------------+--------+----------+----------------------------------------------------------------------------------------------------------------------------------+


+-------------------------------------------+
; Port Connectivity Checks: "Registrador:B" ;
+------+-------+----------+-----------------+
; Port ; Type  ; Severity ; Details         ;
+------+-------+----------+-----------------+
; load ; Input ; Info     ; Stuck at VCC    ;
+------+-------+----------+-----------------+


+-------------------------------------------+
; Port Connectivity Checks: "Registrador:A" ;
+------+-------+----------+-----------------+
; Port ; Type  ; Severity ; Details         ;
+------+-------+----------+-----------------+
; load ; Input ; Info     ; Stuck at VCC    ;
+------+-------+----------+-----------------+


+-------------------------------+
; Analysis & Synthesis Messages ;
+-------------------------------+
Info: *******************************************************************
Info: Running Quartus II Analysis & Synthesis
    Info: Version 9.1 Build 350 03/24/2010 Service Pack 2 SJ Web Edition
    Info: Processing started: Fri Apr 13 17:49:25 2018
Info: Command: quartus_map --read_settings_files=on --write_settings_files=off hardware -c hardware
Info: Parallel compilation is enabled and will use 4 of the 4 processors detected
Info: Found 1 design units, including 1 entities, in source file cpu.sv
    Info: Found entity 1: cpu
Info: Found 2 design units, including 1 entities, in source file banco_reg.vhd
    Info: Found design unit 1: Banco_reg-behavioral_arch
    Info: Found entity 1: Banco_reg
Info: Found 2 design units, including 1 entities, in source file instr_reg.vhd
    Info: Found design unit 1: Instr_Reg-behavioral_arch
    Info: Found entity 1: Instr_Reg
Info: Found 3 design units, including 1 entities, in source file memoria.vhd
    Info: Found design unit 1: ram_constants
    Info: Found design unit 2: Memoria-behavioral_arch
    Info: Found entity 1: Memoria
Info: Found 2 design units, including 1 entities, in source file regdesloc.vhd
    Info: Found design unit 1: RegDesloc-behavioral_arch
    Info: Found entity 1: RegDesloc
Info: Found 2 design units, including 1 entities, in source file registrador.vhd
    Info: Found design unit 1: Registrador-behavioral_arch
    Info: Found entity 1: Registrador
Info: Found 2 design units, including 1 entities, in source file ula32.vhd
    Info: Found design unit 1: Ula32-behavioral
    Info: Found entity 1: Ula32
Info: Found 1 design units, including 1 entities, in source file controlador.sv
    Info: Found entity 1: controlador
Info: Found 1 design units, including 1 entities, in source file mux2entradas32bits.sv
    Info: Found entity 1: mux2entradas32bits
Info: Found 1 design units, including 1 entities, in source file mux4entradas32bits.sv
    Info: Found entity 1: mux4entradas32bits
Info: Found 1 design units, including 1 entities, in source file mux2entradas32bits_real.sv
    Info: Found entity 1: mux2entradas32bits_real
Info: Found 1 design units, including 1 entities, in source file alucontrol.sv
    Info: Found entity 1: AluControl
Info: Found 1 design units, including 1 entities, in source file extensor16to32bits.sv
    Info: Found entity 1: extensor16to32bits
Warning (10236): Verilog HDL Implicit Net warning at cpu.sv(103): created implicit net for "ULAOpSelector"
Info: Elaborating entity "cpu" for the top level hierarchy
Info: Elaborating entity "Registrador" for hierarchy "Registrador:PCreg"
Info: Elaborating entity "AluControl" for hierarchy "AluControl:AluControl"
Info: Elaborating entity "Ula32" for hierarchy "Ula32:ULA"
Info: Elaborating entity "Instr_Reg" for hierarchy "Instr_Reg:inst_reg"
Info: Elaborating entity "Memoria" for hierarchy "Memoria:Memory"
Info: Elaborating entity "LPM_RAM_DQ" for hierarchy "Memoria:Memory|LPM_RAM_DQ:MEM"
Info: Elaborated megafunction instantiation "Memoria:Memory|LPM_RAM_DQ:MEM"
Info: Instantiated megafunction "Memoria:Memory|LPM_RAM_DQ:MEM" with the following parameter:
    Info: Parameter "LPM_WIDTH" = "8"
    Info: Parameter "LPM_WIDTHAD" = "8"
    Info: Parameter "LPM_NUMWORDS" = "0"
    Info: Parameter "LPM_INDATA" = "REGISTERED"
    Info: Parameter "LPM_ADDRESS_CONTROL" = "REGISTERED"
    Info: Parameter "LPM_OUTDATA" = "REGISTERED"
    Info: Parameter "LPM_FILE" = "instrucoes.mif"
    Info: Parameter "LPM_TYPE" = "LPM_RAM_DQ"
    Info: Parameter "USE_EAB" = "ON"
    Info: Parameter "INTENDED_DEVICE_FAMILY" = "UNUSED"
    Info: Parameter "LPM_HINT" = "UNUSED"
Info: Elaborating entity "altram" for hierarchy "Memoria:Memory|LPM_RAM_DQ:MEM|altram:sram"
Warning: Assertion warning: altram does not support Cyclone II device family -- attempting best-case memory conversions, but power-up states and read during write behavior will be different for Cyclone II devices
Info: Elaborated megafunction instantiation "Memoria:Memory|LPM_RAM_DQ:MEM|altram:sram", which is child of megafunction instantiation "Memoria:Memory|LPM_RAM_DQ:MEM"
Info: Elaborating entity "altsyncram" for hierarchy "Memoria:Memory|LPM_RAM_DQ:MEM|altram:sram|altsyncram:ram_block"
Info: Elaborated megafunction instantiation "Memoria:Memory|LPM_RAM_DQ:MEM|altram:sram|altsyncram:ram_block", which is child of megafunction instantiation "Memoria:Memory|LPM_RAM_DQ:MEM"
Info: Found 1 design units, including 1 entities, in source file db/altsyncram_e1a1.tdf
    Info: Found entity 1: altsyncram_e1a1
Info: Elaborating entity "altsyncram_e1a1" for hierarchy "Memoria:Memory|LPM_RAM_DQ:MEM|altram:sram|altsyncram:ram_block|altsyncram_e1a1:auto_generated"
Info: Elaborating entity "controlador" for hierarchy "controlador:ctrl"
Info: Elaborating entity "mux2entradas32bits" for hierarchy "mux2entradas32bits:RegisterWriteSelection"
Info: Elaborating entity "mux2entradas32bits_real" for hierarchy "mux2entradas32bits_real:IouDMux"
Warning (10235): Verilog HDL Always Construct warning at mux2entradas32bits_real.sv(5): variable "entrada1" is read inside the Always Construct but isn't in the Always Construct's Event Control
Warning (10235): Verilog HDL Always Construct warning at mux2entradas32bits_real.sv(8): variable "entrada0" is read inside the Always Construct but isn't in the Always Construct's Event Control
Info: Elaborating entity "mux4entradas32bits" for hierarchy "mux4entradas32bits:EntradaULA2Selection"
Info: Elaborating entity "extensor16to32bits" for hierarchy "extensor16to32bits:extenssor"
Info: Elaborating entity "Banco_reg" for hierarchy "Banco_reg:BancoDeRegistradores"
Warning: 3 hierarchies have connectivity warnings - see the Connectivity Checks report folder
Warning: Output pins are stuck at VCC or GND
    Warning (13410): Pin "EntradaULA2[17]" is stuck at GND
    Warning (13410): Pin "EntradaULA2[18]" is stuck at GND
    Warning (13410): Pin "EntradaULA2[19]" is stuck at GND
    Warning (13410): Pin "EntradaULA2[20]" is stuck at GND
    Warning (13410): Pin "EntradaULA2[21]" is stuck at GND
    Warning (13410): Pin "EntradaULA2[22]" is stuck at GND
    Warning (13410): Pin "EntradaULA2[23]" is stuck at GND
    Warning (13410): Pin "EntradaULA2[24]" is stuck at GND
    Warning (13410): Pin "EntradaULA2[25]" is stuck at GND
    Warning (13410): Pin "EntradaULA2[26]" is stuck at GND
    Warning (13410): Pin "EntradaULA2[27]" is stuck at GND
    Warning (13410): Pin "EntradaULA2[28]" is stuck at GND
    Warning (13410): Pin "EntradaULA2[29]" is stuck at GND
    Warning (13410): Pin "EntradaULA2[30]" is stuck at GND
    Warning (13410): Pin "EntradaULA2[31]" is stuck at GND
    Warning (13410): Pin "extensor32bits[17]" is stuck at GND
    Warning (13410): Pin "extensor32bits[18]" is stuck at GND
    Warning (13410): Pin "extensor32bits[19]" is stuck at GND
    Warning (13410): Pin "extensor32bits[20]" is stuck at GND
    Warning (13410): Pin "extensor32bits[21]" is stuck at GND
    Warning (13410): Pin "extensor32bits[22]" is stuck at GND
    Warning (13410): Pin "extensor32bits[23]" is stuck at GND
    Warning (13410): Pin "extensor32bits[24]" is stuck at GND
    Warning (13410): Pin "extensor32bits[25]" is stuck at GND
    Warning (13410): Pin "extensor32bits[26]" is stuck at GND
    Warning (13410): Pin "extensor32bits[27]" is stuck at GND
    Warning (13410): Pin "extensor32bits[28]" is stuck at GND
    Warning (13410): Pin "extensor32bits[29]" is stuck at GND
    Warning (13410): Pin "extensor32bits[30]" is stuck at GND
    Warning (13410): Pin "extensor32bits[31]" is stuck at GND
    Warning (13410): Pin "ReadData1[0]" is stuck at GND
    Warning (13410): Pin "ReadData1[1]" is stuck at GND
    Warning (13410): Pin "ReadData1[2]" is stuck at GND
    Warning (13410): Pin "ReadData1[3]" is stuck at GND
    Warning (13410): Pin "ReadData1[4]" is stuck at GND
    Warning (13410): Pin "ReadData1[5]" is stuck at GND
    Warning (13410): Pin "ReadData1[6]" is stuck at GND
    Warning (13410): Pin "ReadData1[7]" is stuck at GND
    Warning (13410): Pin "ReadData1[8]" is stuck at GND
    Warning (13410): Pin "ReadData1[9]" is stuck at GND
    Warning (13410): Pin "ReadData1[10]" is stuck at GND
    Warning (13410): Pin "ReadData1[11]" is stuck at GND
    Warning (13410): Pin "ReadData1[12]" is stuck at GND
    Warning (13410): Pin "ReadData1[13]" is stuck at GND
    Warning (13410): Pin "ReadData1[14]" is stuck at GND
    Warning (13410): Pin "ReadData1[15]" is stuck at GND
    Warning (13410): Pin "ReadData1[16]" is stuck at GND
    Warning (13410): Pin "ReadData1[17]" is stuck at GND
    Warning (13410): Pin "ReadData1[18]" is stuck at GND
    Warning (13410): Pin "ReadData1[19]" is stuck at GND
    Warning (13410): Pin "ReadData1[20]" is stuck at GND
    Warning (13410): Pin "ReadData1[21]" is stuck at GND
    Warning (13410): Pin "ReadData1[22]" is stuck at GND
    Warning (13410): Pin "ReadData1[23]" is stuck at GND
    Warning (13410): Pin "ReadData1[24]" is stuck at GND
    Warning (13410): Pin "ReadData1[25]" is stuck at GND
    Warning (13410): Pin "ReadData1[26]" is stuck at GND
    Warning (13410): Pin "ReadData1[27]" is stuck at GND
    Warning (13410): Pin "ReadData1[28]" is stuck at GND
    Warning (13410): Pin "ReadData1[29]" is stuck at GND
    Warning (13410): Pin "ReadData1[30]" is stuck at GND
    Warning (13410): Pin "ReadData1[31]" is stuck at GND
    Warning (13410): Pin "ReadData2[0]" is stuck at GND
    Warning (13410): Pin "ReadData2[1]" is stuck at GND
    Warning (13410): Pin "ReadData2[2]" is stuck at GND
    Warning (13410): Pin "ReadData2[3]" is stuck at GND
    Warning (13410): Pin "ReadData2[4]" is stuck at GND
    Warning (13410): Pin "ReadData2[5]" is stuck at GND
    Warning (13410): Pin "ReadData2[6]" is stuck at GND
    Warning (13410): Pin "ReadData2[7]" is stuck at GND
    Warning (13410): Pin "ReadData2[8]" is stuck at GND
    Warning (13410): Pin "ReadData2[9]" is stuck at GND
    Warning (13410): Pin "ReadData2[10]" is stuck at GND
    Warning (13410): Pin "ReadData2[11]" is stuck at GND
    Warning (13410): Pin "ReadData2[12]" is stuck at GND
    Warning (13410): Pin "ReadData2[13]" is stuck at GND
    Warning (13410): Pin "ReadData2[14]" is stuck at GND
    Warning (13410): Pin "ReadData2[15]" is stuck at GND
    Warning (13410): Pin "ReadData2[16]" is stuck at GND
    Warning (13410): Pin "ReadData2[17]" is stuck at GND
    Warning (13410): Pin "ReadData2[18]" is stuck at GND
    Warning (13410): Pin "ReadData2[19]" is stuck at GND
    Warning (13410): Pin "ReadData2[20]" is stuck at GND
    Warning (13410): Pin "ReadData2[21]" is stuck at GND
    Warning (13410): Pin "ReadData2[22]" is stuck at GND
    Warning (13410): Pin "ReadData2[23]" is stuck at GND
    Warning (13410): Pin "ReadData2[24]" is stuck at GND
    Warning (13410): Pin "ReadData2[25]" is stuck at GND
    Warning (13410): Pin "ReadData2[26]" is stuck at GND
    Warning (13410): Pin "ReadData2[27]" is stuck at GND
    Warning (13410): Pin "ReadData2[28]" is stuck at GND
    Warning (13410): Pin "ReadData2[29]" is stuck at GND
    Warning (13410): Pin "ReadData2[30]" is stuck at GND
    Warning (13410): Pin "ReadData2[31]" is stuck at GND
    Warning (13410): Pin "SaidaA[0]" is stuck at GND
    Warning (13410): Pin "SaidaA[1]" is stuck at GND
    Warning (13410): Pin "SaidaA[2]" is stuck at GND
    Warning (13410): Pin "SaidaA[3]" is stuck at GND
    Warning (13410): Pin "SaidaA[4]" is stuck at GND
    Warning (13410): Pin "SaidaA[5]" is stuck at GND
    Warning (13410): Pin "SaidaA[6]" is stuck at GND
    Warning (13410): Pin "SaidaA[7]" is stuck at GND
    Warning (13410): Pin "SaidaA[8]" is stuck at GND
    Warning (13410): Pin "SaidaA[9]" is stuck at GND
    Warning (13410): Pin "SaidaA[10]" is stuck at GND
    Warning (13410): Pin "SaidaA[11]" is stuck at GND
    Warning (13410): Pin "SaidaA[12]" is stuck at GND
    Warning (13410): Pin "SaidaA[13]" is stuck at GND
    Warning (13410): Pin "SaidaA[14]" is stuck at GND
    Warning (13410): Pin "SaidaA[15]" is stuck at GND
    Warning (13410): Pin "SaidaA[16]" is stuck at GND
    Warning (13410): Pin "SaidaA[17]" is stuck at GND
    Warning (13410): Pin "SaidaA[18]" is stuck at GND
    Warning (13410): Pin "SaidaA[19]" is stuck at GND
    Warning (13410): Pin "SaidaA[20]" is stuck at GND
    Warning (13410): Pin "SaidaA[21]" is stuck at GND
    Warning (13410): Pin "SaidaA[22]" is stuck at GND
    Warning (13410): Pin "SaidaA[23]" is stuck at GND
    Warning (13410): Pin "SaidaA[24]" is stuck at GND
    Warning (13410): Pin "SaidaA[25]" is stuck at GND
    Warning (13410): Pin "SaidaA[26]" is stuck at GND
    Warning (13410): Pin "SaidaA[27]" is stuck at GND
    Warning (13410): Pin "SaidaA[28]" is stuck at GND
    Warning (13410): Pin "SaidaA[29]" is stuck at GND
    Warning (13410): Pin "SaidaA[30]" is stuck at GND
    Warning (13410): Pin "SaidaA[31]" is stuck at GND
    Warning (13410): Pin "SaidaB[0]" is stuck at GND
    Warning (13410): Pin "SaidaB[1]" is stuck at GND
    Warning (13410): Pin "SaidaB[2]" is stuck at GND
    Warning (13410): Pin "SaidaB[3]" is stuck at GND
    Warning (13410): Pin "SaidaB[4]" is stuck at GND
    Warning (13410): Pin "SaidaB[5]" is stuck at GND
    Warning (13410): Pin "SaidaB[6]" is stuck at GND
    Warning (13410): Pin "SaidaB[7]" is stuck at GND
    Warning (13410): Pin "SaidaB[8]" is stuck at GND
    Warning (13410): Pin "SaidaB[9]" is stuck at GND
    Warning (13410): Pin "SaidaB[10]" is stuck at GND
    Warning (13410): Pin "SaidaB[11]" is stuck at GND
    Warning (13410): Pin "SaidaB[12]" is stuck at GND
    Warning (13410): Pin "SaidaB[13]" is stuck at GND
    Warning (13410): Pin "SaidaB[14]" is stuck at GND
    Warning (13410): Pin "SaidaB[15]" is stuck at GND
    Warning (13410): Pin "SaidaB[16]" is stuck at GND
    Warning (13410): Pin "SaidaB[17]" is stuck at GND
    Warning (13410): Pin "SaidaB[18]" is stuck at GND
    Warning (13410): Pin "SaidaB[19]" is stuck at GND
    Warning (13410): Pin "SaidaB[20]" is stuck at GND
    Warning (13410): Pin "SaidaB[21]" is stuck at GND
    Warning (13410): Pin "SaidaB[22]" is stuck at GND
    Warning (13410): Pin "SaidaB[23]" is stuck at GND
    Warning (13410): Pin "SaidaB[24]" is stuck at GND
    Warning (13410): Pin "SaidaB[25]" is stuck at GND
    Warning (13410): Pin "SaidaB[26]" is stuck at GND
    Warning (13410): Pin "SaidaB[27]" is stuck at GND
    Warning (13410): Pin "SaidaB[28]" is stuck at GND
    Warning (13410): Pin "SaidaB[29]" is stuck at GND
    Warning (13410): Pin "SaidaB[30]" is stuck at GND
    Warning (13410): Pin "SaidaB[31]" is stuck at GND
    Warning (13410): Pin "CtrMem" is stuck at GND
    Warning (13410): Pin "RegWrite" is stuck at GND
    Warning (13410): Pin "RegDst" is stuck at GND
Info: Generated suppressed messages file C:/Users/sgfl/Desktop/HardwareProject_MIPS/projeto/hardware.map.smsg
Info: Implemented 904 device resources after synthesis - the final resource count might be different
    Info: Implemented 2 input pins
    Info: Implemented 505 output pins
    Info: Implemented 365 logic cells
    Info: Implemented 32 RAM segments
Info: Quartus II Analysis & Synthesis was successful. 0 errors, 167 warnings
    Info: Peak virtual memory: 258 megabytes
    Info: Processing ended: Fri Apr 13 17:49:28 2018
    Info: Elapsed time: 00:00:03
    Info: Total CPU time (on all processors): 00:00:06


+------------------------------------------+
; Analysis & Synthesis Suppressed Messages ;
+------------------------------------------+
The suppressed messages can be found in C:/Users/sgfl/Desktop/HardwareProject_MIPS/projeto/hardware.map.smsg.


