Flow report for hardware
Wed May 02 12:03:58 2018
Quartus II Version 9.1 Build 350 03/24/2010 Service Pack 2 SJ Web Edition


---------------------
; Table of Contents ;
---------------------
  1. Legal Notice
  2. Flow Summary
  3. Flow Settings
  4. Flow Non-Default Global Settings
  5. Flow Elapsed Time
  6. Flow OS Summary
  7. Flow Log



----------------
; Legal Notice ;
----------------
Copyright (C) 1991-2010 Altera Corporation
Your use of Altera Corporation's design tools, logic functions 
and other software and tools, and its AMPP partner logic 
functions, and any output files from any of the foregoing 
(including device programming or simulation files), and any 
associated documentation or information are expressly subject 
to the terms and conditions of the Altera Program License 
Subscription Agreement, Altera MegaCore Function License 
Agreement, or other applicable license agreement, including, 
without limitation, that your use is for the sole purpose of 
programming logic devices manufactured by Altera and sold by 
Altera or its authorized distributors.  Please refer to the 
applicable agreement for further details.



+-----------------------------------------------------------------------------------+
; Flow Summary                                                                      ;
+------------------------------------+----------------------------------------------+
; Flow Status                        ; Flow Failed - Wed May 02 12:03:58 2018       ;
; Quartus II Version                 ; 9.1 Build 350 03/24/2010 SP 2 SJ Web Edition ;
; Revision Name                      ; hardware                                     ;
; Top-level Entity Name              ; cpu                                          ;
; Family                             ; Cyclone II                                   ;
; Device                             ; EP2C70F896C7                                 ;
; Timing Models                      ; Final                                        ;
; Met timing requirements            ; N/A                                          ;
; Total logic elements               ; 4,118 / 68,416 ( 6 % )                       ;
;     Total combinational functions  ; 2,992 / 68,416 ( 4 % )                       ;
;     Dedicated logic registers      ; 1,452 / 68,416 ( 2 % )                       ;
; Total registers                    ; 1452                                         ;
; Total pins                         ; 628 / 622 ( 101 % )                          ;
; Total virtual pins                 ; 0                                            ;
; Total memory bits                  ; 8,192 / 1,152,000 ( < 1 % )                  ;
; Embedded Multiplier 9-bit elements ; 0 / 300 ( 0 % )                              ;
; Total PLLs                         ; 0 / 4 ( 0 % )                                ;
+------------------------------------+----------------------------------------------+


+-----------------------------------------+
; Flow Settings                           ;
+-------------------+---------------------+
; Option            ; Setting             ;
+-------------------+---------------------+
; Start date & time ; 05/02/2018 12:03:37 ;
; Main task         ; Compilation         ;
; Revision Name     ; hardware            ;
+-------------------+---------------------+


+-----------------------------------------------------------------------------------------------------------------------------------------------------+
; Flow Non-Default Global Settings                                                                                                                    ;
+------------------------------------+-----------------------------------------------------------------+---------------+-------------+----------------+
; Assignment Name                    ; Value                                                           ; Default Value ; Entity Name ; Section Id     ;
+------------------------------------+-----------------------------------------------------------------+---------------+-------------+----------------+
; COMPILER_SIGNATURE_ID              ; 57606937360859.152527341703320                                  ; --            ; --          ; --             ;
; MAX_CORE_JUNCTION_TEMP             ; 85                                                              ; --            ; --          ; --             ;
; MIN_CORE_JUNCTION_TEMP             ; 0                                                               ; --            ; --          ; --             ;
; MISC_FILE                          ; C:/Users/lab7/Desktop/HardwareProject_MIPS/projeto/hardware.dpf ; --            ; --          ; --             ;
; PARTITION_COLOR                    ; 16764057                                                        ; --            ; cpu         ; Top            ;
; PARTITION_NETLIST_TYPE             ; SOURCE                                                          ; --            ; cpu         ; Top            ;
; TOP_LEVEL_ENTITY                   ; cpu                                                             ; hardware      ; --          ; --             ;
; USE_GENERATED_PHYSICAL_CONSTRAINTS ; Off                                                             ; --            ; --          ; eda_blast_fpga ;
+------------------------------------+-----------------------------------------------------------------+---------------+-------------+----------------+


+--------------------------------------------------------------------------------------------------------------------------+
; Flow Elapsed Time                                                                                                        ;
+----------------------+--------------+-------------------------+---------------------+------------------------------------+
; Module Name          ; Elapsed Time ; Average Processors Used ; Peak Virtual Memory ; Total CPU Time (on all processors) ;
+----------------------+--------------+-------------------------+---------------------+------------------------------------+
; Analysis & Synthesis ; 00:00:15     ; 1.0                     ; 276 MB              ; 00:00:14                           ;
; Fitter               ; 00:00:06     ; 1.0                     ; 302 MB              ; 00:00:03                           ;
; Total                ; 00:00:21     ; --                      ; --                  ; 00:00:17                           ;
+----------------------+--------------+-------------------------+---------------------+------------------------------------+


+---------------------------------------------------------------------------------------+
; Flow OS Summary                                                                       ;
+----------------------+------------------+---------------+------------+----------------+
; Module Name          ; Machine Hostname ; OS Name       ; OS Version ; Processor type ;
+----------------------+------------------+---------------+------------+----------------+
; Analysis & Synthesis ; G5C31            ; Windows Vista ; 6.1        ; x86_64         ;
; Fitter               ; G5C31            ; Windows Vista ; 6.1        ; x86_64         ;
+----------------------+------------------+---------------+------------+----------------+


------------
; Flow Log ;
------------
quartus_map --read_settings_files=on --write_settings_files=off hardware -c hardware
quartus_fit --read_settings_files=off --write_settings_files=off hardware -c hardware



